0 info it worked if it ends with ok
1 verbose cli [ '/usr/local/bin/node',
1 verbose cli   '/usr/local/bin/npm',
1 verbose cli   'install',
1 verbose cli   '--save',
1 verbose cli   'ng2-material' ]
2 info using npm@2.14.20
3 info using node@v4.4.0
4 verbose install initial load of /Users/luisfls11/Web_Project/package.json
5 warn package.json angular2-quickstart@1.0.0 No description
6 warn package.json angular2-quickstart@1.0.0 No repository field.
7 warn package.json angular2-quickstart@1.0.0 No README data
8 verbose installManyTop reading scoped package data from /Users/luisfls11/Web_Project/node_modules/angular2/package.json
9 verbose installManyTop reading scoped package data from /Users/luisfls11/Web_Project/node_modules/bootstrap/package.json
10 verbose installManyTop reading scoped package data from /Users/luisfls11/Web_Project/node_modules/concurrently/package.json
11 verbose installManyTop reading scoped package data from /Users/luisfls11/Web_Project/node_modules/es6-promise/package.json
12 verbose installManyTop reading scoped package data from /Users/luisfls11/Web_Project/node_modules/es6-shim/package.json
13 verbose installManyTop reading scoped package data from /Users/luisfls11/Web_Project/node_modules/lite-server/package.json
14 verbose installManyTop reading scoped package data from /Users/luisfls11/Web_Project/node_modules/ng2-material/package.json
15 verbose installManyTop reading scoped package data from /Users/luisfls11/Web_Project/node_modules/reflect-metadata/package.json
16 verbose installManyTop reading scoped package data from /Users/luisfls11/Web_Project/node_modules/rxjs/package.json
17 verbose installManyTop reading scoped package data from /Users/luisfls11/Web_Project/node_modules/systemjs/package.json
18 verbose installManyTop reading scoped package data from /Users/luisfls11/Web_Project/node_modules/typescript/package.json
19 verbose installManyTop reading scoped package data from /Users/luisfls11/Web_Project/node_modules/typings/package.json
20 verbose installManyTop reading scoped package data from /Users/luisfls11/Web_Project/node_modules/zone.js/package.json
21 verbose readDependencies loading dependencies from /Users/luisfls11/Web_Project/package.json
22 verbose install ng2-material is installed as 0.3.5
23 silly cache add args [ 'ng2-material', null ]
24 verbose cache add spec ng2-material
25 silly cache add parsed spec Result {
25 silly cache add   raw: 'ng2-material',
25 silly cache add   scope: null,
25 silly cache add   name: 'ng2-material',
25 silly cache add   rawSpec: '',
25 silly cache add   spec: 'latest',
25 silly cache add   type: 'tag' }
26 silly addNamed ng2-material@latest
27 verbose addNamed "latest" is being treated as a dist-tag for ng2-material
28 info addNameTag [ 'ng2-material', 'latest' ]
29 silly mapToRegistry name ng2-material
30 silly mapToRegistry using default registry
31 silly mapToRegistry registry https://registry.npmjs.org/
32 silly mapToRegistry uri https://registry.npmjs.org/ng2-material
33 verbose addNameTag registry:https://registry.npmjs.org/ng2-material not in flight; fetching
34 verbose request uri https://registry.npmjs.org/ng2-material
35 verbose request no auth needed
36 info attempt registry request try #1 at 5:15:05 PM
37 verbose request id aa615172e4b40771
38 verbose etag "CBGMZQH6VLC1Q57MF7U3NU9G1"
39 http request GET https://registry.npmjs.org/ng2-material
40 http 304 https://registry.npmjs.org/ng2-material
41 verbose headers { date: 'Sun, 10 Apr 2016 22:15:05 GMT',
41 verbose headers   via: '1.1 varnish',
41 verbose headers   'cache-control': 'max-age=300',
41 verbose headers   etag: '"CBGMZQH6VLC1Q57MF7U3NU9G1"',
41 verbose headers   age: '0',
41 verbose headers   connection: 'keep-alive',
41 verbose headers   'x-served-by': 'cache-dfw1847-DFW',
41 verbose headers   'x-cache': 'MISS',
41 verbose headers   'x-cache-hits': '0',
41 verbose headers   'x-timer': 'S1460326505.466107,VS0,VE140',
41 verbose headers   vary: 'Accept-Encoding' }
42 silly get cb [ 304,
42 silly get   { date: 'Sun, 10 Apr 2016 22:15:05 GMT',
42 silly get     via: '1.1 varnish',
42 silly get     'cache-control': 'max-age=300',
42 silly get     etag: '"CBGMZQH6VLC1Q57MF7U3NU9G1"',
42 silly get     age: '0',
42 silly get     connection: 'keep-alive',
42 silly get     'x-served-by': 'cache-dfw1847-DFW',
42 silly get     'x-cache': 'MISS',
42 silly get     'x-cache-hits': '0',
42 silly get     'x-timer': 'S1460326505.466107,VS0,VE140',
42 silly get     vary: 'Accept-Encoding' } ]
43 verbose etag https://registry.npmjs.org/ng2-material from cache
44 verbose get saving ng2-material to /Users/luisfls11/.npm/registry.npmjs.org/ng2-material/.cache.json
45 verbose correctMkdir /Users/luisfls11/.npm correctMkdir not in flight; initializing
46 silly addNameTag next cb for ng2-material with tag latest
47 silly addNamed ng2-material@0.3.5
48 verbose addNamed "0.3.5" is a plain semver version for ng2-material
49 silly cache afterAdd ng2-material@0.3.5
50 verbose afterAdd /Users/luisfls11/.npm/ng2-material/0.3.5/package/package.json not in flight; writing
51 verbose correctMkdir /Users/luisfls11/.npm correctMkdir not in flight; initializing
52 verbose afterAdd /Users/luisfls11/.npm/ng2-material/0.3.5/package/package.json written
53 silly install resolved [ { name: 'ng2-material',
53 silly install resolved     version: '0.3.5',
53 silly install resolved     description: 'ng2-material [![Build Status](https://travis-ci.org/justindujardin/ng2-material.svg?branch=master)](https://travis-ci.org/justindujardin/ng2-material) [![Coverage Status](https://coveralls.io/repos/justindujardin/ng2-material/badge.svg?branch=master&servi',
53 silly install resolved     main: 'dist/ng2-material.js',
53 silly install resolved     repository:
53 silly install resolved      { type: 'git',
53 silly install resolved        url: 'git+ssh://git@github.com/justindujardin/ng2-material.git' },
53 silly install resolved     author:
53 silly install resolved      { name: 'Justin DuJardin',
53 silly install resolved        email: 'justin@dujardinconsulting.com' },
53 silly install resolved     license: 'MIT',
53 silly install resolved     scripts:
53 silly install resolved      { start: '$(npm bin)/grunt serve',
53 silly install resolved        test: '$(npm bin)/grunt karma' },
53 silly install resolved     typings: 'dist/ng2-material.d.ts',
53 silly install resolved     devDependencies:
53 silly install resolved      { 'angular2-universal-polyfills': '^0.3.4',
53 silly install resolved        'angular2-universal': '0.90.2',
53 silly install resolved        autoprefixer: '6.2.0',
53 silly install resolved        coveralls: '2.11.6',
53 silly install resolved        css: '^2.2.1',
53 silly install resolved        'css-loader': '0.23.1',
53 silly install resolved        'dts-generator': '1.6.3',
53 silly install resolved        'es6-module-loader': '0.17.4',
53 silly install resolved        'file-loader': '0.8.5',
53 silly install resolved        glob: '6.0.1',
53 silly install resolved        grunt: '0.4.5',
53 silly install resolved        'grunt-bump': '0.7.0',
53 silly install resolved        'grunt-cli': '0.1.13',
53 silly install resolved        'grunt-contrib-clean': '0.7.0',
53 silly install resolved        'grunt-contrib-connect': '0.11.2',
53 silly install resolved        'grunt-contrib-copy': '0.8.2',
53 silly install resolved        'grunt-contrib-sass': '0.9.2',
53 silly install resolved        'grunt-contrib-watch': '0.6.1',
53 silly install resolved        'grunt-conventional-changelog': '5.0.0',
53 silly install resolved        'grunt-karma': '0.12.1',
53 silly install resolved        'grunt-notify': '0.4.3',
53 silly install resolved        'grunt-npm': '0.0.2',
53 silly install resolved        'grunt-postcss': '0.7.1',
53 silly install resolved        'grunt-ts': '5.2.0',
53 silly install resolved        'grunt-webpack': '1.0.11',
53 silly install resolved        highlightjs: '8.7.0',
53 silly install resolved        istanbul: '1.0.0-alpha.2',
53 silly install resolved        karma: '0.13.19',
53 silly install resolved        'karma-chrome-launcher': '0.2.2',
53 silly install resolved        'karma-coverage': '0.5.3',
53 silly install resolved        'karma-firefox-launcher': '0.1.7',
53 silly install resolved        'karma-jasmine': '0.2.2',
53 silly install resolved        'karma-mocha-reporter': '1.1.5',
53 silly install resolved        'karma-sauce-launcher': '0.3.0',
53 silly install resolved        'lcov-parse': '0.0.10',
53 silly install resolved        marked: '0.3.5',
53 silly install resolved        parse5: '^1.5.0',
53 silly install resolved        preboot: '^2.0.5',
53 silly install resolved        proxyquire: '^1.7.4',
53 silly install resolved        'remap-istanbul': '0.4.0',
53 silly install resolved        'style-loader': '0.13.0',
53 silly install resolved        systemjs: '0.19.2',
53 silly install resolved        'systemjs-builder': 'github:justindujardin/builder#typescript-source-maps',
53 silly install resolved        typescript: '1.8.0',
53 silly install resolved        underscore: '1.8.3',
53 silly install resolved        'url-loader': '0.5.7',
53 silly install resolved        webpack: '1.12.13',
53 silly install resolved        'webpack-dev-server': '1.14.1' },
53 silly install resolved     contributors:
53 silly install resolved      [ [Object],
53 silly install resolved        [Object],
53 silly install resolved        [Object],
53 silly install resolved        [Object],
53 silly install resolved        [Object],
53 silly install resolved        [Object],
53 silly install resolved        [Object],
53 silly install resolved        [Object],
53 silly install resolved        [Object],
53 silly install resolved        [Object],
53 silly install resolved        [Object],
53 silly install resolved        [Object],
53 silly install resolved        [Object],
53 silly install resolved        [Object],
53 silly install resolved        [Object],
53 silly install resolved        [Object],
53 silly install resolved        [Object],
53 silly install resolved        [Object] ],
53 silly install resolved     peerDependencies:
53 silly install resolved      { angular2: '>=2.0.0-beta.14',
53 silly install resolved        'es6-promise': '>=3.0.2',
53 silly install resolved        'es6-shim': '>=0.35.0',
53 silly install resolved        'reflect-metadata': '0.1.2',
53 silly install resolved        rxjs: '5.0.0-beta.2',
53 silly install resolved        'zone.js': '>=0.6.6' },
53 silly install resolved     bugs: { url: 'https://github.com/justindujardin/ng2-material/issues' },
53 silly install resolved     homepage: 'https://github.com/justindujardin/ng2-material#readme',
53 silly install resolved     _id: 'ng2-material@0.3.5',
53 silly install resolved     _shasum: 'e8dcb19b3b3c3e6b5cf9bc768571174ad5eb3de9',
53 silly install resolved     _from: 'ng2-material@latest',
53 silly install resolved     _npmVersion: '2.15.0',
53 silly install resolved     _nodeVersion: '0.10.44',
53 silly install resolved     _npmUser:
53 silly install resolved      { name: 'justindujardin',
53 silly install resolved        email: 'justin@dujardinconsulting.com' },
53 silly install resolved     dist:
53 silly install resolved      { shasum: 'e8dcb19b3b3c3e6b5cf9bc768571174ad5eb3de9',
53 silly install resolved        tarball: 'https://registry.npmjs.org/ng2-material/-/ng2-material-0.3.5.tgz' },
53 silly install resolved     maintainers: [ [Object] ],
53 silly install resolved     _npmOperationalInternal:
53 silly install resolved      { host: 'packages-16-east.internal.npmjs.com',
53 silly install resolved        tmp: 'tmp/ng2-material-0.3.5.tgz_1460322647037_0.7975823627784848' },
53 silly install resolved     directories: {},
53 silly install resolved     _resolved: 'https://registry.npmjs.org/ng2-material/-/ng2-material-0.3.5.tgz',
53 silly install resolved     readme: 'ERROR: No README data found!' } ]
54 info install ng2-material@0.3.5 into /Users/luisfls11/Web_Project
55 info installOne ng2-material@0.3.5
56 verbose installOne of ng2-material to /Users/luisfls11/Web_Project not in flight; installing
57 verbose correctMkdir /Users/luisfls11/.npm/_locks correctMkdir not in flight; initializing
58 verbose lock using /Users/luisfls11/.npm/_locks/ng2-material-1bf29bb8d103dfd6.lock for /Users/luisfls11/Web_Project/node_modules/ng2-material
59 silly install write writing ng2-material 0.3.5 to /Users/luisfls11/Web_Project/node_modules/ng2-material
60 verbose unbuild node_modules/ng2-material
61 info preuninstall ng2-material@0.3.5
62 info uninstall ng2-material@0.3.5
63 verbose unbuild rmStuff ng2-material@0.3.5 from /Users/luisfls11/Web_Project/node_modules
64 info postuninstall ng2-material@0.3.5
65 silly gentlyRm /Users/luisfls11/Web_Project/node_modules/ng2-material is being purged from base /Users/luisfls11/Web_Project
66 verbose gentlyRm don't care about contents; nuking /Users/luisfls11/Web_Project/node_modules/ng2-material
67 silly vacuum-fs purging /Users/luisfls11/Web_Project/node_modules/ng2-material
68 silly vacuum-fs quitting because other entries in /Users/luisfls11/Web_Project/node_modules
69 verbose tar unpack /Users/luisfls11/.npm/ng2-material/0.3.5/package.tgz
70 verbose tar unpacking to /Users/luisfls11/Web_Project/node_modules/ng2-material
71 silly gentlyRm /Users/luisfls11/Web_Project/node_modules/ng2-material is being purged
72 verbose gentlyRm don't care about contents; nuking /Users/luisfls11/Web_Project/node_modules/ng2-material
73 silly gunzTarPerm modes [ '755', '644' ]
74 silly gunzTarPerm extractEntry package.json
75 silly gunzTarPerm extractEntry README.md
76 silly gunzTarPerm extractEntry all.js
77 silly gunzTarPerm extractEntry all.webpack.js
78 silly gunzTarPerm extractEntry all.webpack.styles.js
79 silly gunzTarPerm extractEntry webpack_all.js
80 silly gunzTarPerm extractEntry webpack_styles.js
81 silly gunzTarPerm extractEntry core/key_codes.js
82 silly gunzTarPerm extractEntry core/key_codes.d.ts
83 silly gunzTarPerm extractEntry core/key_codes.js.map
84 silly gunzTarPerm extractEntry core/util/media.js
85 silly gunzTarPerm extractEntry core/util/ink.js
86 silly gunzTarPerm extractEntry core/util/animate.js
87 silly gunzTarPerm extractEntry core/util/util.js
88 silly gunzTarPerm extractEntry core/util/viewport.js
89 silly gunzTarPerm extractEntry core/util/ink.js.map
90 silly gunzTarPerm extractEntry core/util/media.d.ts
91 silly gunzTarPerm extractEntry core/util/animate.js.map
92 silly gunzTarPerm extractEntry core/util/media.js.map
93 silly gunzTarPerm extractEntry core/util/util.d.ts
94 silly gunzTarPerm extractEntry core/util/ink.d.ts
95 silly gunzTarPerm extractEntry core/util/util.js.map
96 silly gunzTarPerm extractEntry core/util/viewport.d.ts
97 silly gunzTarPerm extractEntry core/util/animate.d.ts
98 silly gunzTarPerm extractEntry core/util/viewport.js.map
99 silly gunzTarPerm extractEntry a37b0c01c0baf1888ca812cc0508f6e2.ttf
100 silly gunzTarPerm extractEntry all.css
101 silly gunzTarPerm extractEntry components/input/input.js
102 silly gunzTarPerm extractEntry components/input/input.d.ts
103 silly gunzTarPerm extractEntry components/input/input.js.map
104 silly gunzTarPerm extractEntry components/backdrop/backdrop.js
105 silly gunzTarPerm extractEntry components/backdrop/backdrop.d.ts
106 silly gunzTarPerm extractEntry components/backdrop/backdrop.js.map
107 silly gunzTarPerm extractEntry components/card/card.js
108 silly gunzTarPerm extractEntry components/card/card.d.ts
109 silly gunzTarPerm extractEntry components/card/card.js.map
110 silly gunzTarPerm extractEntry components/checkbox/checkbox.js
111 silly gunzTarPerm extractEntry components/checkbox/checkbox.d.ts
112 silly gunzTarPerm extractEntry components/checkbox/checkbox.js.map
113 silly gunzTarPerm extractEntry components/content/content.js
114 silly gunzTarPerm extractEntry components/content/content.d.ts
115 silly gunzTarPerm extractEntry components/content/content.js.map
116 silly gunzTarPerm extractEntry components/data_table/data_table.js
117 silly gunzTarPerm extractEntry components/data_table/data_table_selectable_tr.js
118 silly gunzTarPerm extractEntry components/data_table/data_table.d.ts
119 silly gunzTarPerm extractEntry components/data_table/data_table.js.map
120 silly gunzTarPerm extractEntry components/data_table/data_table_selectable_tr.d.ts
121 silly gunzTarPerm extractEntry components/data_table/data_table_selectable_tr.js.map
122 silly gunzTarPerm extractEntry components/dialog/dialog_config.js
123 silly gunzTarPerm extractEntry components/dialog/dialog_basic.js
124 silly gunzTarPerm extractEntry components/dialog/dialog.js
125 silly gunzTarPerm extractEntry components/dialog/dialog_container.js
126 silly gunzTarPerm extractEntry components/dialog/dialog_ref.js
127 silly gunzTarPerm extractEntry components/dialog/dialog_basic.js.map
128 silly gunzTarPerm extractEntry components/dialog/dialog_config.d.ts
129 silly gunzTarPerm extractEntry components/dialog/dialog.js.map
130 silly gunzTarPerm extractEntry components/dialog/dialog_config.js.map
131 silly gunzTarPerm extractEntry components/dialog/dialog_container.d.ts
132 silly gunzTarPerm extractEntry components/dialog/dialog_basic.d.ts
133 silly gunzTarPerm extractEntry components/dialog/dialog_container.js.map
134 silly gunzTarPerm extractEntry components/dialog/dialog_ref.d.ts
135 silly gunzTarPerm extractEntry components/dialog/dialog.d.ts
136 silly gunzTarPerm extractEntry components/dialog/dialog_ref.js.map
137 silly gunzTarPerm extractEntry components/divider/divider.js
138 silly gunzTarPerm extractEntry components/divider/divider.d.ts
139 silly gunzTarPerm extractEntry components/divider/divider.js.map
140 silly gunzTarPerm extractEntry components/form/messages.js
141 silly gunzTarPerm extractEntry components/form/validators.js
142 silly gunzTarPerm extractEntry components/form/messages.d.ts
143 silly gunzTarPerm extractEntry components/form/messages.js.map
144 silly gunzTarPerm extractEntry components/form/validators.d.ts
145 silly gunzTarPerm extractEntry components/form/validators.js.map
146 silly gunzTarPerm extractEntry components/icon/icon.js
147 silly gunzTarPerm extractEntry components/icon/icon.d.ts
148 silly gunzTarPerm extractEntry components/icon/icon.js.map
149 silly gunzTarPerm extractEntry components/ink/ink.js
150 silly gunzTarPerm extractEntry components/ink/ink.d.ts
151 silly gunzTarPerm extractEntry components/ink/ink.js.map
152 silly gunzTarPerm extractEntry components/button/button.js
153 silly gunzTarPerm extractEntry components/button/button.d.ts
154 silly gunzTarPerm extractEntry components/button/button.js.map
155 silly gunzTarPerm extractEntry components/list/list.js
156 silly gunzTarPerm extractEntry components/list/list.d.ts
157 silly gunzTarPerm extractEntry components/list/list.js.map
158 silly gunzTarPerm extractEntry components/peekaboo/peekaboo.js
159 silly gunzTarPerm extractEntry components/peekaboo/peekaboo.d.ts
160 silly gunzTarPerm extractEntry components/peekaboo/peekaboo.js.map
161 silly gunzTarPerm extractEntry components/progress_circular/progress_circular.js
162 silly gunzTarPerm extractEntry components/progress_circular/progress_circular.d.ts
163 silly gunzTarPerm extractEntry components/progress_circular/progress_circular.js.map
164 silly gunzTarPerm extractEntry components/progress_linear/progress_linear.js
165 silly gunzTarPerm extractEntry components/progress_linear/progress_linear.d.ts
166 silly gunzTarPerm extractEntry components/progress_linear/progress_linear.js.map
167 silly gunzTarPerm extractEntry components/radio/radio_button.js
168 silly gunzTarPerm extractEntry components/radio/radio_dispatcher.js
169 silly gunzTarPerm extractEntry components/radio/radio_button.d.ts
170 silly gunzTarPerm extractEntry components/radio/radio_button.js.map
171 silly gunzTarPerm extractEntry components/radio/radio_dispatcher.d.ts
172 silly gunzTarPerm extractEntry components/radio/radio_dispatcher.js.map
173 silly gunzTarPerm extractEntry components/sidenav/sidenav.js
174 silly gunzTarPerm extractEntry components/sidenav/sidenav_service.js
175 silly gunzTarPerm extractEntry components/sidenav/sidenav.d.ts
176 silly gunzTarPerm extractEntry components/sidenav/sidenav.js.map
177 silly gunzTarPerm extractEntry components/sidenav/sidenav_service.d.ts
178 silly gunzTarPerm extractEntry components/sidenav/sidenav_service.js.map
179 silly gunzTarPerm extractEntry components/subheader/subheader.js
180 silly gunzTarPerm extractEntry components/subheader/subheader.d.ts
181 silly gunzTarPerm extractEntry components/subheader/subheader.js.map
182 silly gunzTarPerm extractEntry components/switcher/switch.js
183 silly gunzTarPerm extractEntry components/switcher/switch.d.ts
184 silly gunzTarPerm extractEntry components/switcher/switch.js.map
185 silly gunzTarPerm extractEntry components/tabs/tabs.js
186 silly gunzTarPerm extractEntry components/tabs/tabs.d.ts
187 silly gunzTarPerm extractEntry components/tabs/tabs.js.map
188 silly gunzTarPerm extractEntry components/toolbar/toolbar.js
189 silly gunzTarPerm extractEntry components/toolbar/toolbar.d.ts
190 silly gunzTarPerm extractEntry components/toolbar/toolbar.js.map
191 silly gunzTarPerm extractEntry all.css.map
192 silly gunzTarPerm extractEntry dist/README.md
193 silly gunzTarPerm extractEntry dist/ng2-material.js
194 silly gunzTarPerm extractEntry dist/ng2-material.min.js
195 silly gunzTarPerm extractEntry dist/font.scss
196 silly gunzTarPerm extractEntry dist/MaterialIcons-Regular.woff2
197 silly gunzTarPerm extractEntry dist/MaterialIcons-Regular.eot
198 silly gunzTarPerm extractEntry dist/font.css
199 silly gunzTarPerm extractEntry dist/font.css.map
200 silly gunzTarPerm extractEntry dist/MaterialIcons-Regular.ijmap
201 silly gunzTarPerm extractEntry dist/ng2-material.css
202 silly gunzTarPerm extractEntry dist/ng2-material.css.map
203 silly gunzTarPerm extractEntry dist/ng2-material.d.ts
204 silly gunzTarPerm extractEntry dist/MaterialIcons-Regular.ttf
205 silly gunzTarPerm extractEntry dist/ng2-material.js.map
206 silly gunzTarPerm extractEntry dist/MaterialIcons-Regular.woff
207 silly gunzTarPerm extractEntry dist/ng2-material.min.js.map
208 silly gunzTarPerm extractEntry e79bfd88537def476913f3ed52f4f4b3.eot
209 silly gunzTarPerm extractEntry font/README.md
210 silly gunzTarPerm extractEntry font/MaterialIcons-Regular.eot
211 silly gunzTarPerm extractEntry font/MaterialIcons-Regular.ijmap
212 silly gunzTarPerm extractEntry font/MaterialIcons-Regular.ttf
213 silly gunzTarPerm extractEntry font/MaterialIcons-Regular.woff
214 silly gunzTarPerm extractEntry font/MaterialIcons-Regular.woff2
215 silly gunzTarPerm extractEntry font/font.css
216 silly gunzTarPerm extractEntry font/font.css.map
217 silly gunzTarPerm extractEntry font/font.scss
218 silly gunzTarPerm extractEntry all.d.ts
219 silly gunzTarPerm extractEntry source/all.scss
220 silly gunzTarPerm extractEntry source/all.ts
221 silly gunzTarPerm extractEntry source/components/input/input.scss
222 silly gunzTarPerm extractEntry source/components/input/input.ts
223 silly gunzTarPerm extractEntry source/components/backdrop/backdrop.scss
224 silly gunzTarPerm extractEntry source/components/backdrop/backdrop.ts
225 silly gunzTarPerm extractEntry source/components/card/card.scss
226 silly gunzTarPerm extractEntry source/components/card/card.ts
227 silly gunzTarPerm extractEntry source/components/checkbox/checkbox.scss
228 silly gunzTarPerm extractEntry source/components/checkbox/checkbox.ts
229 silly gunzTarPerm extractEntry source/components/content/content.scss
230 silly gunzTarPerm extractEntry source/components/content/content.ts
231 silly gunzTarPerm extractEntry source/components/data_table/data_table.scss
232 silly gunzTarPerm extractEntry source/components/data_table/data_table.ts
233 silly gunzTarPerm extractEntry source/components/data_table/data_table_selectable_tr.ts
234 silly gunzTarPerm extractEntry source/components/dialog/dialog.scss
235 silly gunzTarPerm extractEntry source/components/dialog/dialog.ts
236 silly gunzTarPerm extractEntry source/components/dialog/dialog_basic.ts
237 silly gunzTarPerm extractEntry source/components/dialog/dialog_config.ts
238 silly gunzTarPerm extractEntry source/components/dialog/dialog_container.ts
239 silly gunzTarPerm extractEntry source/components/dialog/dialog_ref.ts
240 silly gunzTarPerm extractEntry source/components/divider/divider.scss
241 silly gunzTarPerm extractEntry source/components/divider/divider.ts
242 silly gunzTarPerm extractEntry source/components/form/messages.scss
243 silly gunzTarPerm extractEntry source/components/form/messages.ts
244 silly gunzTarPerm extractEntry source/components/form/validators.ts
245 silly gunzTarPerm extractEntry source/components/icon/icon.scss
246 silly gunzTarPerm extractEntry source/components/icon/icon.ts
247 silly gunzTarPerm extractEntry source/components/ink/ink.ts
248 silly gunzTarPerm extractEntry source/components/button/button.scss
249 silly gunzTarPerm extractEntry source/components/button/button.ts
250 silly gunzTarPerm extractEntry source/components/list/list.scss
251 silly gunzTarPerm extractEntry source/components/list/list.ts
252 silly gunzTarPerm extractEntry source/components/peekaboo/peekaboo.scss
253 silly gunzTarPerm extractEntry source/components/peekaboo/peekaboo.ts
254 silly gunzTarPerm extractEntry source/components/progress_circular/progress_circular.scss
255 silly gunzTarPerm extractEntry source/components/progress_circular/progress_circular.ts
256 silly gunzTarPerm extractEntry source/components/progress_linear/progress_linear.scss
257 silly gunzTarPerm extractEntry source/components/progress_linear/progress_linear.ts
258 silly gunzTarPerm extractEntry source/components/radio/radio_button.scss
259 silly gunzTarPerm extractEntry source/components/radio/radio_button.ts
260 silly gunzTarPerm extractEntry source/components/radio/radio_dispatcher.ts
261 silly gunzTarPerm extractEntry source/components/radio/radio_group.scss
262 silly gunzTarPerm extractEntry source/components/sidenav/sidenav.scss
263 silly gunzTarPerm extractEntry source/components/sidenav/sidenav.ts
264 silly gunzTarPerm extractEntry source/components/sidenav/sidenav_service.ts
265 silly gunzTarPerm extractEntry source/components/subheader/subheader.scss
266 silly gunzTarPerm extractEntry source/components/subheader/subheader.ts
267 silly gunzTarPerm extractEntry source/components/switcher/switch.scss
268 silly gunzTarPerm extractEntry source/components/switcher/switch.ts
269 silly gunzTarPerm extractEntry source/components/tabs/tabs.scss
270 silly gunzTarPerm extractEntry source/components/tabs/tabs.ts
271 silly gunzTarPerm extractEntry source/components/toolbar/toolbar.scss
272 silly gunzTarPerm extractEntry source/components/toolbar/toolbar.ts
273 silly gunzTarPerm extractEntry source/components/whiteframe/whiteframe.scss
274 silly gunzTarPerm extractEntry source/components.scss
275 silly gunzTarPerm extractEntry source/core/key_codes.ts
276 silly gunzTarPerm extractEntry source/core/style/default-theme.scss
277 silly gunzTarPerm extractEntry source/core/style/layout.scss
278 silly gunzTarPerm extractEntry source/core/style/mixins.scss
279 silly gunzTarPerm extractEntry source/core/style/palette.scss
280 silly gunzTarPerm extractEntry source/core/style/shadows.scss
281 silly gunzTarPerm extractEntry source/core/style/structure.scss
282 silly gunzTarPerm extractEntry source/core/style/theme-functions.scss
283 silly gunzTarPerm extractEntry source/core/style/typography.scss
284 silly gunzTarPerm extractEntry source/core/style/variables.scss
285 silly gunzTarPerm extractEntry source/core/util/animate.ts
286 silly gunzTarPerm extractEntry source/core/util/ink.ts
287 silly gunzTarPerm extractEntry source/core/util/media.ts
288 silly gunzTarPerm extractEntry source/core/util/util.ts
289 silly gunzTarPerm extractEntry source/core/util/viewport.ts
290 silly gunzTarPerm extractEntry source/core.scss
291 silly gunzTarPerm extractEntry source/webpack_all.ts
292 silly gunzTarPerm extractEntry source/webpack_styles.ts
293 silly gunzTarPerm extractEntry webpack_all.d.ts
294 silly gunzTarPerm extractEntry CHANGELOG.md
295 silly gunzTarPerm extractEntry webpack_all.js.map
296 silly gunzTarPerm extractEntry webpack_styles.d.ts
297 silly gunzTarPerm extractEntry all.js.map
298 silly gunzTarPerm extractEntry webpack_styles.js.map
299 verbose write writing to /Users/luisfls11/Web_Project/node_modules/ng2-material/package.json
300 info preinstall ng2-material@0.3.5
301 verbose readDependencies loading dependencies from /Users/luisfls11/Web_Project/node_modules/ng2-material/package.json
302 silly prepareForInstallMany adding angular2@>=2.0.0-beta.14 from ng2-material peerDependencies
303 silly prepareForInstallMany adding es6-shim@>=0.35.0 from ng2-material peerDependencies
304 silly prepareForInstallMany adding zone.js@>=0.6.6 from ng2-material peerDependencies
305 warn peerDependencies The peer dependency angular2@>=2.0.0-beta.14 included from ng2-material will no
306 warn peerDependencies longer be automatically installed to fulfill the peerDependency
307 warn peerDependencies in npm 3+. Your application will need to depend on it explicitly.
308 warn peerDependencies The peer dependency es6-shim@>=0.35.0 included from ng2-material will no
309 warn peerDependencies longer be automatically installed to fulfill the peerDependency
310 warn peerDependencies in npm 3+. Your application will need to depend on it explicitly.
311 warn peerDependencies The peer dependency zone.js@>=0.6.6 included from ng2-material will no
312 warn peerDependencies longer be automatically installed to fulfill the peerDependency
313 warn peerDependencies in npm 3+. Your application will need to depend on it explicitly.
314 verbose readDependencies loading dependencies from /Users/luisfls11/Web_Project/node_modules/ng2-material/package.json
315 silly install resolved []
316 verbose about to build /Users/luisfls11/Web_Project/node_modules/ng2-material
317 info build /Users/luisfls11/Web_Project/node_modules/ng2-material
318 info linkStuff ng2-material@0.3.5
319 silly linkStuff ng2-material@0.3.5 has /Users/luisfls11/Web_Project/node_modules as its parent node_modules
320 verbose linkBins ng2-material@0.3.5
321 verbose linkMans ng2-material@0.3.5
322 verbose rebuildBundles ng2-material@0.3.5
323 info install ng2-material@0.3.5
324 info postinstall ng2-material@0.3.5
325 verbose readDependencies loading dependencies from /Users/luisfls11/Web_Project/package.json
326 verbose targetResolver reading package data from /Users/luisfls11/Web_Project/node_modules/angular2/package.json
327 verbose targetResolver reading package data from /Users/luisfls11/Web_Project/node_modules/bootstrap/package.json
328 verbose targetResolver reading package data from /Users/luisfls11/Web_Project/node_modules/concurrently/package.json
329 verbose targetResolver reading package data from /Users/luisfls11/Web_Project/node_modules/es6-promise/package.json
330 verbose targetResolver reading package data from /Users/luisfls11/Web_Project/node_modules/es6-shim/package.json
331 verbose targetResolver reading package data from /Users/luisfls11/Web_Project/node_modules/lite-server/package.json
332 verbose targetResolver reading package data from /Users/luisfls11/Web_Project/node_modules/ng2-material/package.json
333 verbose targetResolver reading package data from /Users/luisfls11/Web_Project/node_modules/reflect-metadata/package.json
334 verbose targetResolver reading package data from /Users/luisfls11/Web_Project/node_modules/rxjs/package.json
335 verbose targetResolver reading package data from /Users/luisfls11/Web_Project/node_modules/systemjs/package.json
336 verbose targetResolver reading package data from /Users/luisfls11/Web_Project/node_modules/typescript/package.json
337 verbose targetResolver reading package data from /Users/luisfls11/Web_Project/node_modules/typings/package.json
338 verbose targetResolver reading package data from /Users/luisfls11/Web_Project/node_modules/zone.js/package.json
339 verbose targetResolver reading package data from /Users/luisfls11/Web_Project/node_modules/.bin/concurrent/package.json
340 verbose targetResolver reading package data from /Users/luisfls11/Web_Project/node_modules/.bin/concurrently/package.json
341 verbose targetResolver reading package data from /Users/luisfls11/Web_Project/node_modules/.bin/lite-server/package.json
342 verbose targetResolver reading package data from /Users/luisfls11/Web_Project/node_modules/.bin/tsc/package.json
343 verbose targetResolver reading package data from /Users/luisfls11/Web_Project/node_modules/.bin/tsserver/package.json
344 verbose targetResolver reading package data from /Users/luisfls11/Web_Project/node_modules/.bin/typings/package.json
345 verbose already installed skipping angular2@>=2.0.0-beta.14 /Users/luisfls11/Web_Project
346 verbose already installed skipping es6-shim@>=0.35.0 /Users/luisfls11/Web_Project
347 verbose already installed skipping zone.js@>=0.6.6 /Users/luisfls11/Web_Project
348 silly install resolved []
349 verbose unlock done using /Users/luisfls11/.npm/_locks/ng2-material-1bf29bb8d103dfd6.lock for /Users/luisfls11/Web_Project/node_modules/ng2-material
350 verbose validateInstall loading /Users/luisfls11/Web_Project/package.json for validation
351 verbose stack Error: The package angular2@2.0.0-beta.9 does not satisfy its siblings' peerDependencies requirements!
351 verbose stack     at /usr/local/lib/node_modules/npm/lib/install.js:125:32
351 verbose stack     at /usr/local/lib/node_modules/npm/lib/install.js:268:7
351 verbose stack     at /usr/local/lib/node_modules/npm/node_modules/read-installed/read-installed.js:142:5
351 verbose stack     at /usr/local/lib/node_modules/npm/node_modules/read-installed/read-installed.js:263:14
351 verbose stack     at cb (/usr/local/lib/node_modules/npm/node_modules/slide/lib/async-map.js:47:24)
351 verbose stack     at /usr/local/lib/node_modules/npm/node_modules/read-installed/read-installed.js:263:14
351 verbose stack     at cb (/usr/local/lib/node_modules/npm/node_modules/slide/lib/async-map.js:47:24)
351 verbose stack     at /usr/local/lib/node_modules/npm/node_modules/read-installed/read-installed.js:263:14
351 verbose stack     at cb (/usr/local/lib/node_modules/npm/node_modules/slide/lib/async-map.js:47:24)
351 verbose stack     at /usr/local/lib/node_modules/npm/node_modules/read-installed/read-installed.js:263:14
352 verbose cwd /Users/luisfls11/Web_Project
353 error Darwin 15.0.0
354 error argv "/usr/local/bin/node" "/usr/local/bin/npm" "install" "--save" "ng2-material"
355 error node v4.4.0
356 error npm  v2.14.20
357 error code EPEERINVALID
358 error peerinvalid The package angular2@2.0.0-beta.9 does not satisfy its siblings' peerDependencies requirements!
358 error peerinvalid Peer ng2-material@0.3.5 wants angular2@>=2.0.0-beta.14
359 verbose exit [ 1, true ]
